build/app/intermediates/manifest_merge_blame_file/debug/manifest-merger-blame-debug-report.txt
1<?xml version="1.0" encoding="utf-8"?>
2<manifest xmlns:android="http://schemas.android.com/apk/res/android"
3    package="com.example.desh_darshan"
4    android:versionCode="1"
5    android:versionName="1.0.0" >
6
7    <uses-sdk
8        android:minSdkVersion="21"
9        android:targetSdkVersion="33" />
10    <!--
11         The INTERNET permission is required for development. Specifically,
12         the Flutter tool needs it to communicate with the running application
13         to allow setting breakpoints, to provide hot reload, etc.
14    -->
15    <uses-permission android:name="android.permission.INTERNET" />
15-->src/debug/AndroidManifest.xml:6:5-66
15-->src/debug/AndroidManifest.xml:6:22-64
16    <uses-permission android:name="android.permission.ACCESS_FINE_LOCATION" />
16-->src/main/AndroidManifest.xml:2:5-79
16-->src/main/AndroidManifest.xml:2:22-76
17    <uses-permission android:name="android.permission.ACCESS_COARSE_LOCATION" />
17-->src/main/AndroidManifest.xml:3:5-80
17-->src/main/AndroidManifest.xml:3:22-78
18    <uses-permission android:name="android.permission.FOREGROUND_SERVICE" />
18-->[:geolocator_android] AndroidManifest.xml:9:5-77
18-->[:geolocator_android] AndroidManifest.xml:9:22-74
19    <uses-permission android:name="android.permission.RECEIVE_BOOT_COMPLETED" />
19-->[:flutter_local_notifications] AndroidManifest.xml:9:5-81
19-->[:flutter_local_notifications] AndroidManifest.xml:9:22-78
20    <uses-permission android:name="android.permission.VIBRATE" />
20-->[:flutter_local_notifications] AndroidManifest.xml:10:5-66
20-->[:flutter_local_notifications] AndroidManifest.xml:10:22-63
21    <uses-permission android:name="android.permission.USE_FULL_SCREEN_INTENT" />
21-->[:flutter_local_notifications] AndroidManifest.xml:11:5-81
21-->[:flutter_local_notifications] AndroidManifest.xml:11:22-78
22    <uses-permission android:name="android.permission.SCHEDULE_EXACT_ALARM" />
22-->[:flutter_local_notifications] AndroidManifest.xml:12:5-79
22-->[:flutter_local_notifications] AndroidManifest.xml:12:22-76
23    <uses-permission android:name="android.permission.POST_NOTIFICATIONS" />
23-->[:flutter_local_notifications] AndroidManifest.xml:13:5-77
23-->[:flutter_local_notifications] AndroidManifest.xml:13:22-74
24
25    <permission
25-->[androidx.core:core:1.9.0] AndroidManifest.xml:22:5-24:47
26        android:name="com.example.desh_darshan.DYNAMIC_RECEIVER_NOT_EXPORTED_PERMISSION"
26-->[androidx.core:core:1.9.0] AndroidManifest.xml:23:9-81
27        android:protectionLevel="signature" />
27-->[androidx.core:core:1.9.0] AndroidManifest.xml:24:9-44
28
29    <uses-permission android:name="com.example.desh_darshan.DYNAMIC_RECEIVER_NOT_EXPORTED_PERMISSION" />
29-->[androidx.core:core:1.9.0] AndroidManifest.xml:26:5-97
29-->[androidx.core:core:1.9.0] AndroidManifest.xml:26:22-94
30
31    <application
32        android:name="android.app.Application"
33        android:appComponentFactory="androidx.core.app.CoreComponentFactory"
33-->[androidx.core:core:1.9.0] AndroidManifest.xml:28:18-86
34        android:debuggable="true"
35        android:icon="@mipmap/ic_launcher"
36        android:label="desh_darshan" >
37        <activity
38            android:name="com.example.desh_darshan.MainActivity"
39            android:configChanges="orientation|keyboardHidden|keyboard|screenSize|smallestScreenSize|locale|layoutDirection|fontScale|screenLayout|density|uiMode"
40            android:exported="true"
41            android:hardwareAccelerated="true"
42            android:launchMode="singleTop"
43            android:theme="@style/LaunchTheme"
44            android:windowSoftInputMode="adjustResize" >
45
46            <!--
47                 Specifies an Android theme to apply to this Activity as soon as
48                 the Android process has started. This theme is visible to the user
49                 while the Flutter UI initializes. After that, this theme continues
50                 to determine the Window background behind the Flutter UI.
51            -->
52            <meta-data
53                android:name="io.flutter.embedding.android.NormalTheme"
54                android:resource="@style/NormalTheme" />
55
56            <intent-filter>
57                <action android:name="android.intent.action.MAIN" />
58
59                <category android:name="android.intent.category.LAUNCHER" />
60            </intent-filter>
61        </activity>
62        <!--
63             Don't delete the meta-data below.
64             This is used by the Flutter tool to generate GeneratedPluginRegistrant.java
65        -->
66        <meta-data
67            android:name="flutterEmbedding"
68            android:value="2" />
69
70        <service
70-->[:geolocator_android] AndroidManifest.xml:12:9-16:56
71            android:name="com.baseflow.geolocator.GeolocatorLocationService"
71-->[:geolocator_android] AndroidManifest.xml:13:13-77
72            android:enabled="true"
72-->[:geolocator_android] AndroidManifest.xml:14:13-35
73            android:exported="false"
73-->[:geolocator_android] AndroidManifest.xml:15:13-37
74            android:foregroundServiceType="location" />
74-->[:geolocator_android] AndroidManifest.xml:16:13-53
75
76        <receiver
76-->[:flutter_local_notifications] AndroidManifest.xml:16:9-18:40
77            android:name="com.dexterous.flutterlocalnotifications.ScheduledNotificationReceiver"
77-->[:flutter_local_notifications] AndroidManifest.xml:17:13-97
78            android:exported="false" />
78-->[:flutter_local_notifications] AndroidManifest.xml:18:13-37
79        <receiver
79-->[:flutter_local_notifications] AndroidManifest.xml:19:9-28:20
80            android:name="com.dexterous.flutterlocalnotifications.ScheduledNotificationBootReceiver"
80-->[:flutter_local_notifications] AndroidManifest.xml:20:13-101
81            android:exported="false" >
81-->[:flutter_local_notifications] AndroidManifest.xml:21:13-37
82            <intent-filter>
82-->[:flutter_local_notifications] AndroidManifest.xml:22:13-27:29
83                <action android:name="android.intent.action.BOOT_COMPLETED" />
83-->[:flutter_local_notifications] AndroidManifest.xml:23:17-79
83-->[:flutter_local_notifications] AndroidManifest.xml:23:25-76
84                <action android:name="android.intent.action.MY_PACKAGE_REPLACED" />
84-->[:flutter_local_notifications] AndroidManifest.xml:24:17-84
84-->[:flutter_local_notifications] AndroidManifest.xml:24:25-81
85                <action android:name="android.intent.action.QUICKBOOT_POWERON" />
85-->[:flutter_local_notifications] AndroidManifest.xml:25:17-82
85-->[:flutter_local_notifications] AndroidManifest.xml:25:25-79
86                <action android:name="com.htc.intent.action.QUICKBOOT_POWERON" />
86-->[:flutter_local_notifications] AndroidManifest.xml:26:17-82
86-->[:flutter_local_notifications] AndroidManifest.xml:26:25-79
87            </intent-filter>
88        </receiver>
89
90        <uses-library
90-->[androidx.window:window:1.0.0-beta04] AndroidManifest.xml:25:9-27:40
91            android:name="androidx.window.extensions"
91-->[androidx.window:window:1.0.0-beta04] AndroidManifest.xml:26:13-54
92            android:required="false" />
92-->[androidx.window:window:1.0.0-beta04] AndroidManifest.xml:27:13-37
93        <uses-library
93-->[androidx.window:window:1.0.0-beta04] AndroidManifest.xml:28:9-30:40
94            android:name="androidx.window.sidecar"
94-->[androidx.window:window:1.0.0-beta04] AndroidManifest.xml:29:13-51
95            android:required="false" />
95-->[androidx.window:window:1.0.0-beta04] AndroidManifest.xml:30:13-37
96
97        <activity
97-->[com.google.android.gms:play-services-base:17.0.0] AndroidManifest.xml:23:9-26:75
98            android:name="com.google.android.gms.common.api.GoogleApiActivity"
98-->[com.google.android.gms:play-services-base:17.0.0] AndroidManifest.xml:24:13-79
99            android:exported="false"
99-->[com.google.android.gms:play-services-base:17.0.0] AndroidManifest.xml:25:13-37
100            android:theme="@android:style/Theme.Translucent.NoTitleBar" />
100-->[com.google.android.gms:play-services-base:17.0.0] AndroidManifest.xml:26:13-72
101
102        <meta-data
102-->[com.google.android.gms:play-services-basement:17.0.0] AndroidManifest.xml:23:9-25:69
103            android:name="com.google.android.gms.version"
103-->[com.google.android.gms:play-services-basement:17.0.0] AndroidManifest.xml:24:13-58
104            android:value="@integer/google_play_services_version" />
104-->[com.google.android.gms:play-services-basement:17.0.0] AndroidManifest.xml:25:13-66
105    </application>
106
107</manifest>